<?xml version="1.0" encoding="UTF-8"?>
<!-- Generated by org.testng.reporters.JUnitReportReporter -->
<testsuite skipped="0" hostname="Raguraman" name="com.qa.testCases.HomePageTest" tests="1" failures="0" timestamp="2020-05-03T23:05:27 IST" time="20.322" errors="0">
  <testcase name="verifyCloseContainerTest" time="20.322" classname="com.qa.testCases.HomePageTest"/>
</testsuite> <!-- com.qa.testCases.HomePageTest -->
